irun(64): 15.20-s084: (c) Copyright 1995-2020 Cadence Design Systems, Inc.
TOOL:	irun(64)	15.20-s084: Started on Jul 09, 2021 at 16:01:24 CST
irun
	/home/max.chen/Training_Summer2/VLSI_2018/hw1/./sim/top_tb.sv
	+incdir+/home/max.chen/Training_Summer2/VLSI_2018/hw1/./src+/home/max.chen/Training_Summer2/VLSI_2018/hw1/./include+/home/max.chen/Training_Summer2/VLSI_2018/hw1/./sim
	+define+prog0+FSDB_ALL
	+nc64bit
	-define CYCLE=13.0
	-define MAX=2000000
	+access+r
	+prog_path=/home/max.chen/Training_Summer2/VLSI_2018/hw1/./sim/prog0

   User defined plus("+") options:
	+prog_path=/home/max.chen/Training_Summer2/VLSI_2018/hw1/./sim/prog0

file: /home/max.chen/Training_Summer2/VLSI_2018/hw1/./sim/top_tb.sv
`define CYCLE 50.0 // Cycle time
                                |
ncvlog: *W,MACNDF (/home/max.chen/Training_Summer2/VLSI_2018/hw1/./sim/top_tb.sv,2|32): The text macro 'CYCLE' has also been defined on the command line using the -DEFINE command line option.  The compiler will ignore the definition found in the Verilog source code.
`define MAX 100000 // Max cycle number
                                      |
ncvlog: *W,MACNDF (/home/max.chen/Training_Summer2/VLSI_2018/hw1/./sim/top_tb.sv,3|38): The text macro 'MAX' has also been defined on the command line using the -DEFINE command line option.  The compiler will ignore the definition found in the Verilog source code.
    $value$plusargs("prog_path=%s", prog_path);
                  |
ncvlog: *W,NOSYST (/home/max.chen/Training_Summer2/VLSI_2018/hw1/./sim/top_tb.sv,39|18): System function '$value$plusargs' invoked as a task. Return value will be ignored.
      $fscanf(gf, "%h\n", GOLDEN[num]);
            |
ncvlog: *W,NOSYST (/home/max.chen/Training_Summer2/VLSI_2018/hw1/./sim/top_tb.sv,54|12): System function '$fscanf' invoked as a task. Return value will be ignored.
	module worklib.top_tb:sv
		errors: 0, warnings: 2
ncvlog: *W,SPDUSD: Include directory /home/max.chen/Training_Summer2/VLSI_2018/hw1/./include given but not used.
	Total errors/warnings found outside modules and primitives:
		errors: 0, warnings: 3
		Caching library 'worklib' ....... Done
	Elaborating the design hierarchy:
		Caching library 'worklib' ....... Done
	Top level design units:
		top_tb
ncelab: *W,DSEMEL: This SystemVerilog design will be simulated as per IEEE 1800-2009 SystemVerilog simulation semantics. Use -disable_sem2009 option for turning off SV 2009 simulation semantics.
    $readmemh({prog_path, "/main0.hex"}, TOP.IM1.i_SRAM.Memory_byte0);
                                                                   |
ncelab: *W,MEMODR (../sim/top_tb.sv,42|67): $readmem default memory order incompatible with IEEE1364.
    $readmemh({prog_path, "/main0.hex"}, TOP.DM1.i_SRAM.Memory_byte0); 
                                                                   |
ncelab: *W,MEMODR (../sim/top_tb.sv,43|67): $readmem default memory order incompatible with IEEE1364.
    $readmemh({prog_path, "/main1.hex"}, TOP.IM1.i_SRAM.Memory_byte1);
                                                                   |
ncelab: *W,MEMODR (../sim/top_tb.sv,44|67): $readmem default memory order incompatible with IEEE1364.
    $readmemh({prog_path, "/main1.hex"}, TOP.DM1.i_SRAM.Memory_byte1); 
                                                                   |
ncelab: *W,MEMODR (../sim/top_tb.sv,45|67): $readmem default memory order incompatible with IEEE1364.
    $readmemh({prog_path, "/main2.hex"}, TOP.IM1.i_SRAM.Memory_byte2);
                                                                   |
ncelab: *W,MEMODR (../sim/top_tb.sv,46|67): $readmem default memory order incompatible with IEEE1364.
    $readmemh({prog_path, "/main2.hex"}, TOP.DM1.i_SRAM.Memory_byte2); 
                                                                   |
ncelab: *W,MEMODR (../sim/top_tb.sv,47|67): $readmem default memory order incompatible with IEEE1364.
    $readmemh({prog_path, "/main3.hex"}, TOP.IM1.i_SRAM.Memory_byte3);
                                                                   |
ncelab: *W,MEMODR (../sim/top_tb.sv,48|67): $readmem default memory order incompatible with IEEE1364.
    $readmemh({prog_path, "/main3.hex"}, TOP.DM1.i_SRAM.Memory_byte3); 
                                                                   |
ncelab: *W,MEMODR (../sim/top_tb.sv,49|67): $readmem default memory order incompatible with IEEE1364.
	Building instance overlay tables: .................... Done
	Generating native compiled code:
		worklib.top_tb:sv <0x6c04c0ab>
			streams:   4, words: 32150
	Building instance specific data structures.
	Loading native compiled code:     .................... Done
	Design hierarchy summary:
		                  Instances  Unique
		Modules:                 20      18
		Registers:               91      83
		Scalar wires:           192       -
		Expanded wires:         136       6
		Vectored wires:          50       -
		Always blocks:           24      22
		Initial blocks:           2       2
		Cont. assignments:      107      96
		Pseudo assignments:       9       9
		Simulation timescale:  10ps
	Writing initial simulation snapshot: worklib.top_tb:sv
Loading snapshot worklib.top_tb:sv .................... Done
ncsim: *W,DSEM2009: This SystemVerilog design is simulated as per IEEE 1800-2009 SystemVerilog simulation semantics. Use -disable_sem2009 option for turning off SV 2009 simulation semantics.
*Verdi* Loading libsscore_ius152.so
ncsim> source /usr/cad/cadence/INCISIV/cur/tools/inca/files/ncsimrc
ncsim> run
FSDB Dumper for IUS, Release Verdi_O-2018.09, Linux x86_64/64bit, 08/30/2018
(C) 1996 - 2018 by Synopsys, Inc.
*Verdi* FSDB WARNING: The FSDB file already exists. Overwriting the FSDB file may crash the programs that are using this file.
*Verdi* : Create FSDB file 'top.fsdb'
*Verdi* : Begin traversing the scope (top_tb.TOP), layer (0).
*Verdi* : Enable +struct and +mda dumping.
*Verdi* : End of traversing.

Done

DM[8192] = fffffff0, pass
DM[8193] = fffffff8, pass
DM[8194] = 00000008, pass
DM[8195] = 00000001, pass
DM[8196] = 00000001, pass
DM[8197] = 78787878, pass
DM[8198] = 000091a2, pass
DM[8199] = 00000003, pass
DM[8200] = fefcfefd, pass
DM[8201] = 10305070, pass
DM[8202] = cccccccc, pass
DM[8203] = 00000d9d, pass
DM[8204] = 00000004, pass
DM[8205] = 00000003, pass
DM[8206] = 000001a6, pass
DM[8207] = 00000ec6, pass
DM[8208] = 2468b7a8, pass
DM[8209] = 5dbf9f00, pass
DM[8210] = 00012b38, pass
DM[8211] = fa2817b7, pass
DM[8212] = ff000000, pass
DM[8213] = 000f0000, pass
DM[8214] = 0000f000, pass
DM[8215] = 00000f00, pass
DM[8216] = 000000f0, pass
DM[8217] = 0000000f, pass
DM[8218] = 000f0000, pass
DM[8219] = 000f0000, pass
DM[8220] = 000f0000, pass
DM[8221] = 000f0000, pass
DM[8222] = 000f0000, pass
DM[8223] = 0000000f, pass
DM[8224] = 000000f0, pass
DM[8225] = 00000f00, pass
DM[8226] = 000f0003, pass
DM[8227] = 000f0002, pass
DM[8228] = 000f0001, pass
DM[8229] = fffff000, pass
DM[8230] = fffff000, pass
DM[8231] = fffff000, pass
DM[8232] = fffff000, pass
DM[8233] = fffff000, pass
DM[8234] = fffff000, pass
DM[8235] = 1357a040, pass
DM[8236] = 13578000, pass
DM[8237] = fffff004, pass




        ****************************               
        **                        **       |__||  
        **  Congratulations !!    **      / O.O  | 
        **                        **    /_____   | 
        **  Simulation PASS!!     **   /^ ^ ^ \  |
        **                        **  |^ ^ ^ ^ |w| 
        ****************************   \m___m__|_|


Simulation complete via $finish(1) at time 94926 NS + 3
../sim/top_tb.sv:76     $finish;
ncsim> exit
TOOL:	irun(64)	15.20-s084: Exiting on Jul 09, 2021 at 16:01:26 CST  (total: 00:00:02)
