Loading db file '/usr/cad/CBDK/CBDK018_UMC_Faraday_v1.0/orig_lib/fsa0m_a/2009Q2v2.0/GENERIC_CORE/FrontEnd/synopsys/fsa0m_a_generic_core_ss1p62v125c.db'
Loading db file '/home/max.chen/Training_Summer2/VLSI_2018/hw1/sim/SRAM/SRAM_WC.db'
Information: Propagating switching activity (low effort zero delay simulation). (PWR-6)
Warning: Design has unannotated primary inputs. (PWR-414)
Warning: Design has unannotated sequential cell outputs. (PWR-415)
Warning: Design has unannotated black box outputs. (PWR-428)
 
****************************************
Report : power
        -analysis_effort low
Design : top
Version: Q-2019.12
Date   : Fri Jul  9 15:56:49 2021
****************************************


Library(s) Used:

    fsa0m_a_generic_core_ss1p62v125c (File: /usr/cad/CBDK/CBDK018_UMC_Faraday_v1.0/orig_lib/fsa0m_a/2009Q2v2.0/GENERIC_CORE/FrontEnd/synopsys/fsa0m_a_generic_core_ss1p62v125c.db)
    SRAM_WC (File: /home/max.chen/Training_Summer2/VLSI_2018/hw1/sim/SRAM/SRAM_WC.db)


Operating Conditions: WCCOM   Library: fsa0m_a_generic_core_ss1p62v125c
Wire Load Model Mode: enclosed

Design        Wire Load Model            Library
------------------------------------------------
top                    enG1000K          fsa0m_a_generic_core_ss1p62v125c
IF                     enG5K             fsa0m_a_generic_core_ss1p62v125c
SRAM_wrapper_1         enG500K           fsa0m_a_generic_core_ss1p62v125c
ID                     enG30K            fsa0m_a_generic_core_ss1p62v125c
EXE                    enG5K             fsa0m_a_generic_core_ss1p62v125c
MEM                    enG5K             fsa0m_a_generic_core_ss1p62v125c
WB                     enG5K             fsa0m_a_generic_core_ss1p62v125c
ForwardUnit            enG5K             fsa0m_a_generic_core_ss1p62v125c
BranchCtrl             enG5K             fsa0m_a_generic_core_ss1p62v125c
HazardCtrl             enG5K             fsa0m_a_generic_core_ss1p62v125c
ProgramCounter         enG5K             fsa0m_a_generic_core_ss1p62v125c
IF_DW01_add_0_DW01_add_3
                       enG5K             fsa0m_a_generic_core_ss1p62v125c
RegisterFile           enG30K            fsa0m_a_generic_core_ss1p62v125c
ImmediateGenerator     enG5K             fsa0m_a_generic_core_ss1p62v125c
ControlUnit            enG5K             fsa0m_a_generic_core_ss1p62v125c
ALUCtrl                enG5K             fsa0m_a_generic_core_ss1p62v125c
ALU                    enG5K             fsa0m_a_generic_core_ss1p62v125c
EXE_DW01_add_0         enG5K             fsa0m_a_generic_core_ss1p62v125c
EXE_DW01_add_1         enG5K             fsa0m_a_generic_core_ss1p62v125c
ALU_DW01_cmp6_0        enG5K             fsa0m_a_generic_core_ss1p62v125c
ALU_DW01_cmp2_1        enG5K             fsa0m_a_generic_core_ss1p62v125c
ALU_DW01_sub_1         enG5K             fsa0m_a_generic_core_ss1p62v125c
ALU_DW01_add_1         enG5K             fsa0m_a_generic_core_ss1p62v125c
SRAM_wrapper_0         enG500K           fsa0m_a_generic_core_ss1p62v125c


Global Operating Voltage = 1.62 
Power-specific unit information :
    Voltage Units = 1V
    Capacitance Units = 1.000000pf
    Time Units = 1ns
    Dynamic Power Units = 1mW    (derived from V,C,T units)
    Leakage Power Units = 1pW


  Cell Internal Power  =  49.0163 mW   (98%)
  Net Switching Power  =   1.1720 mW    (2%)
                         ---------
Total Dynamic Power    =  50.1884 mW  (100%)

Cell Leakage Power     =   1.2278 mW


                 Internal         Switching           Leakage            Total
Power Group      Power            Power               Power              Power   (   %    )  Attrs
--------------------------------------------------------------------------------------------------
io_pad             0.0000            0.0000            0.0000            0.0000  (   0.00%)
memory            44.3457        5.8837e-02        1.2171e+09           45.6216  (  88.73%)
black_box          0.0000            0.0000            0.0000            0.0000  (   0.00%)
clock_network  3.0969e-03            0.0000        1.7255e+03        3.0986e-03  (   0.01%)
register           4.4152            0.2615        5.0665e+06            4.6818  (   9.11%)
sequential         0.0000            0.0000            0.0000            0.0000  (   0.00%)
combinational      0.2524            0.8517        5.6652e+06            1.1097  (   2.16%)
--------------------------------------------------------------------------------------------------
Total             49.0163 mW         1.1721 mW     1.2278e+09 pW        51.4162 mW
1
