 
****************************************
Report : timing
        -path full
        -delay max
        -max_paths 1
Design : top
Version: Q-2019.12
Date   : Fri Jul  9 15:56:47 2021
****************************************

Operating Conditions: WCCOM   Library: fsa0m_a_generic_core_ss1p62v125c
Wire Load Model Mode: enclosed

  Startpoint: EXE/EXE_rd_addr_reg_1_
              (rising edge-triggered flip-flop clocked by clk)
  Endpoint: IF/ProgramCounter/pc_out_reg_2_
            (rising edge-triggered flip-flop clocked by clk)
  Path Group: clk
  Path Type: max

  Des/Clust/Port     Wire Load Model       Library
  ------------------------------------------------
  top                enG1000K              fsa0m_a_generic_core_ss1p62v125c
  ForwardUnit        enG5K                 fsa0m_a_generic_core_ss1p62v125c
  EXE                enG5K                 fsa0m_a_generic_core_ss1p62v125c
  ALU                enG5K                 fsa0m_a_generic_core_ss1p62v125c
  ALU_DW01_cmp6_0    enG5K                 fsa0m_a_generic_core_ss1p62v125c
  BranchCtrl         enG5K                 fsa0m_a_generic_core_ss1p62v125c
  HazardCtrl         enG5K                 fsa0m_a_generic_core_ss1p62v125c
  IF                 enG5K                 fsa0m_a_generic_core_ss1p62v125c
  ProgramCounter     enG5K                 fsa0m_a_generic_core_ss1p62v125c

  Point                                                   Incr       Path
  --------------------------------------------------------------------------
  clock clk (rise edge)                                   0.00       0.00
  clock network delay (ideal)                             1.00       1.00
  EXE/EXE_rd_addr_reg_1_/CK (QDFFRBT)                     0.00       1.00 r
  EXE/EXE_rd_addr_reg_1_/Q (QDFFRBT)                      0.56       1.56 r
  EXE/EXE_rd_addr[1] (EXE)                                0.00       1.56 r
  ForwardUnit/EXE_rd_addr[1] (ForwardUnit)                0.00       1.56 r
  ForwardUnit/U3/O (INV6)                                 0.06       1.62 f
  ForwardUnit/U27/O (XOR2H)                               0.16       1.77 f
  ForwardUnit/U8/O (ND3HT)                                0.12       1.90 r
  ForwardUnit/U31/O (OR2T)                                0.20       2.09 r
  ForwardUnit/U45/O (AN4B1)                               0.21       2.30 r
  ForwardUnit/U34/O (AN4)                                 0.21       2.51 r
  ForwardUnit/U42/O (BUF8)                                0.18       2.70 r
  ForwardUnit/ForwardRS2Src[1] (ForwardUnit)              0.00       2.70 r
  U19/O (BUF12CK)                                         0.24       2.94 r
  EXE/ForwardRS2Src[1] (EXE)                              0.00       2.94 r
  EXE/U183/O (NR2F)                                       0.07       3.01 f
  EXE/U6/O (AO222P)                                       0.51       3.52 f
  EXE/U191/O (MUX2T)                                      0.34       3.86 f
  EXE/ALU/rs2[2] (ALU)                                    0.00       3.86 f
  EXE/ALU/U58/O (BUF12CK)                                 0.21       4.07 f
  EXE/ALU/r388/B[2] (ALU_DW01_cmp6_0)                     0.00       4.07 f
  EXE/ALU/r388/U9/O (INV6CK)                              0.06       4.13 r
  EXE/ALU/r388/U5/O (ND2P)                                0.07       4.21 f
  EXE/ALU/r388/U57/O (OAI12H)                             0.06       4.27 r
  EXE/ALU/r388/U103/O (OA222)                             0.46       4.73 r
  EXE/ALU/r388/U101/O (OA222)                             0.49       5.21 r
  EXE/ALU/r388/U64/O (OA222S)                             0.41       5.62 r
  EXE/ALU/r388/U63/O (OA222S)                             0.41       6.04 r
  EXE/ALU/r388/U65/O (OA222S)                             0.42       6.45 r
  EXE/ALU/r388/U62/O (OA222S)                             0.42       6.87 r
  EXE/ALU/r388/U95/O (OA222)                              0.50       7.37 r
  EXE/ALU/r388/U92/O (OA222)                              0.49       7.86 r
  EXE/ALU/r388/U89/O (OA222)                              0.49       8.35 r
  EXE/ALU/r388/U85/O (OA222)                              0.51       8.86 r
  EXE/ALU/r388/U19/O (OAI222S)                            0.23       9.10 f
  EXE/ALU/r388/U18/O (AO222S)                             0.37       9.46 f
  EXE/ALU/r388/U23/O (AN2T)                               0.24       9.70 f
  EXE/ALU/r388/U16/O (NR2F)                               0.10       9.81 r
  EXE/ALU/r388/U15/O (OAI222HP)                           0.18       9.99 f
  EXE/ALU/r388/U14/O (MOAI1HT)                            0.24      10.23 f
  EXE/ALU/r388/U61/O (MOAI1HT)                            0.27      10.50 f
  EXE/ALU/r388/U1/O (AN4B1T)                              0.13      10.63 r
  EXE/ALU/r388/U10/O (ND3P)                               0.11      10.73 f
  EXE/ALU/r388/NE (ALU_DW01_cmp6_0)                       0.00      10.73 f
  EXE/ALU/U656/O (MUX2)                                   0.28      11.01 f
  EXE/ALU/U485/O (AO222S)                                 0.40      11.42 f
  EXE/ALU/U657/O (MUX2)                                   0.29      11.71 f
  EXE/ALU/U483/O (AO22P)                                  0.32      12.03 f
  EXE/ALU/U46/O (INV6CK)                                  0.09      12.11 r
  EXE/ALU/U45/O (INV12)                                   0.06      12.18 f
  EXE/ALU/ZeroFlag (ALU)                                  0.00      12.18 f
  EXE/ZeroFlag (EXE)                                      0.00      12.18 f
  BranchCtrl/ZeroFlag (BranchCtrl)                        0.00      12.18 f
  BranchCtrl/U5/O (OAI12HT)                               0.18      12.36 r
  BranchCtrl/U4/O (INV12)                                 0.09      12.45 f
  BranchCtrl/BranchCtrl[0] (BranchCtrl)                   0.00      12.45 f
  HazardCtrl/BranchCtrl[0] (HazardCtrl)                   0.00      12.45 f
  HazardCtrl/U26/O (OR2T)                                 0.32      12.77 f
  HazardCtrl/U7/O (OR2T)                                  0.22      12.99 f
  HazardCtrl/U3/O (INV6CK)                                0.08      13.07 r
  HazardCtrl/U5/O (INV12)                                 0.08      13.15 f
  HazardCtrl/PCWrite (HazardCtrl)                         0.00      13.15 f
  IF/PCWrite (IF)                                         0.00      13.15 f
  IF/U50/O (BUF8CK)                                       0.15      13.31 f
  IF/ProgramCounter/PCWrite (ProgramCounter)              0.00      13.31 f
  IF/ProgramCounter/U2/O (BUF8CK)                         0.15      13.46 f
  IF/ProgramCounter/U8/O (MUX2)                           0.28      13.74 r
  IF/ProgramCounter/pc_out_reg_2_/D (DFFRBN)              0.00      13.74 r
  data arrival time                                                 13.74

  clock clk (rise edge)                                  13.00      13.00
  clock network delay (ideal)                             1.00      14.00
  clock uncertainty                                      -0.10      13.90
  IF/ProgramCounter/pc_out_reg_2_/CK (DFFRBN)             0.00      13.90 r
  library setup time                                     -0.16      13.74
  data required time                                                13.74
  --------------------------------------------------------------------------
  data required time                                                13.74
  data arrival time                                                -13.74
  --------------------------------------------------------------------------
  slack (MET)                                                        0.00


1
